# JRE version: OpenJDK Runtime Environment Temurin-17.0.10+7 (17.0.10+7) (build 17.0.10+7)
# Java VM: OpenJDK 64-Bit Server VM Temurin-17.0.10+7 (17.0.10+7, mixed mode, tiered, compressed oops, compressed class ptrs, parallel gc, windows-amd64)
GC Precious Log:
 CPUs: 12 total, 12 available
 Memory: 16201M
 Large Page Support: Disabled
 NUMA Support: Disabled
 Compressed Oops: Enabled (32-bit)
 Alignments: Space 512K, Generation 512K, Heap 2M
 Heap Min Capacity: 100M
 Heap Initial Capacity: 100M
 Heap Max Capacity: 1G
 Pre-touch: Disabled
 Parallel Workers: 10
Heap:
 PSYoungGen      total 4096K, used 3072K [0x00000000eab00000, 0x00000000eb000000, 0x0000000100000000)
  eden space 3072K, 100% used [0x00000000eab00000,0x00000000eae00000,0x00000000eae00000)
  from space 1024K, 0% used [0x00000000eaf00000,0x00000000eaf00000,0x00000000eb000000)
  to   space 1024K, 81% used [0x00000000eae00000,0x00000000eaed0f18,0x00000000eaf00000)
 ParOldGen       total 158720K, used 134515K [0x00000000c0000000, 0x00000000c9b00000, 0x00000000eab00000)
  object space 158720K, 84% used [0x00000000c0000000,0x00000000c835ceb0,0x00000000c9b00000)
 Metaspace       used 56608K, committed 57728K, reserved 1114112K
  class space    used 6146K, committed 6656K, reserved 1048576K
GC Heap History (20 events):
Event: 19.673 GC heap after
{Heap after GC invocations=91 (full 5):
 PSYoungGen      total 4096K, used 851K [0x00000000eab00000, 0x00000000eb000000, 0x0000000100000000)
  eden space 3072K, 0% used [0x00000000eab00000,0x00000000eab00000,0x00000000eae00000)
  from space 1024K, 83% used [0x00000000eae00000,0x00000000eaed4e60,0x00000000eaf00000)
  to   space 1024K, 0% used [0x00000000eaf00000,0x00000000eaf00000,0x00000000eb000000)
 ParOldGen       total 137728K, used 131786K [0x00000000c0000000, 0x00000000c8680000, 0x00000000eab00000)
  object space 137728K, 95% used [0x00000000c0000000,0x00000000c80b2bc8,0x00000000c8680000)
 Metaspace       used 56608K, committed 57728K, reserved 1114112K
  class space    used 6146K, committed 6656K, reserved 1048576K
}
Event: 19.683 GC heap before
{Heap before GC invocations=92 (full 5):
 PSYoungGen      total 4096K, used 3923K [0x00000000eab00000, 0x00000000eb000000, 0x0000000100000000)
  eden space 3072K, 100% used [0x00000000eab00000,0x00000000eae00000,0x00000000eae00000)
  from space 1024K, 83% used [0x00000000eae00000,0x00000000eaed4e60,0x00000000eaf00000)
  to   space 1024K, 0% used [0x00000000eaf00000,0x00000000eaf00000,0x00000000eb000000)
 ParOldGen       total 137728K, used 131786K [0x00000000c0000000, 0x00000000c8680000, 0x00000000eab00000)
  object space 137728K, 95% used [0x00000000c0000000,0x00000000c80b2bc8,0x00000000c8680000)
 Metaspace       used 56608K, committed 57728K, reserved 1114112K
  class space    used 6146K, committed 6656K, reserved 1048576K
}
Event: 19.684 GC heap after
{Heap after GC invocations=92 (full 5):
 PSYoungGen      total 4096K, used 816K [0x00000000eab00000, 0x00000000eb000000, 0x0000000100000000)
  eden space 3072K, 0% used [0x00000000eab00000,0x00000000eab00000,0x00000000eae00000)
  from space 1024K, 79% used [0x00000000eaf00000,0x00000000eafcc070,0x00000000eb000000)
  to   space 1024K, 0% used [0x00000000eae00000,0x00000000eae00000,0x00000000eaf00000)
 ParOldGen       total 137728K, used 132526K [0x00000000c0000000, 0x00000000c8680000, 0x00000000eab00000)
  object space 137728K, 96% used [0x00000000c0000000,0x00000000c816bbb8,0x00000000c8680000)
 Metaspace       used 56608K, committed 57728K, reserved 1114112K
  class space    used 6146K, committed 6656K, reserved 1048576K
}
Event: 19.698 GC heap before
{Heap before GC invocations=93 (full 5):
 PSYoungGen      total 4096K, used 3888K [0x00000000eab00000, 0x00000000eb000000, 0x0000000100000000)
  eden space 3072K, 100% used [0x00000000eab00000,0x00000000eae00000,0x00000000eae00000)
  from space 1024K, 79% used [0x00000000eaf00000,0x00000000eafcc070,0x00000000eb000000)
  to   space 1024K, 0% used [0x00000000eae00000,0x00000000eae00000,0x00000000eaf00000)
 ParOldGen       total 137728K, used 132526K [0x00000000c0000000, 0x00000000c8680000, 0x00000000eab00000)
  object space 137728K, 96% used [0x00000000c0000000,0x00000000c816bbb8,0x00000000c8680000)
 Metaspace       used 56608K, committed 57728K, reserved 1114112K
  class space    used 6146K, committed 6656K, reserved 1048576K
}
Event: 19.700 GC heap after
{Heap after GC invocations=93 (full 5):
 PSYoungGen      total 4096K, used 892K [0x00000000eab00000, 0x00000000eb000000, 0x0000000100000000)
  eden space 3072K, 0% used [0x00000000eab00000,0x00000000eab00000,0x00000000eae00000)
  from space 1024K, 87% used [0x00000000eae00000,0x00000000eaedf390,0x00000000eaf00000)
  to   space 1024K, 0% used [0x00000000eaf00000,0x00000000eaf00000,0x00000000eb000000)
 ParOldGen       total 137728K, used 133253K [0x00000000c0000000, 0x00000000c8680000, 0x00000000eab00000)
  object space 137728K, 96% used [0x00000000c0000000,0x00000000c82214e0,0x00000000c8680000)
 Metaspace       used 56608K, committed 57728K, reserved 1114112K
  class space    used 6146K, committed 6656K, reserved 1048576K
}
Event: 19.714 GC heap before
{Heap before GC invocations=94 (full 5):
 PSYoungGen      total 4096K, used 3964K [0x00000000eab00000, 0x00000000eb000000, 0x0000000100000000)
  eden space 3072K, 100% used [0x00000000eab00000,0x00000000eae00000,0x00000000eae00000)
  from space 1024K, 87% used [0x00000000eae00000,0x00000000eaedf390,0x00000000eaf00000)
  to   space 1024K, 0% used [0x00000000eaf00000,0x00000000eaf00000,0x00000000eb000000)
 ParOldGen       total 137728K, used 133253K [0x00000000c0000000, 0x00000000c8680000, 0x00000000eab00000)
  object space 137728K, 96% used [0x00000000c0000000,0x00000000c82214e0,0x00000000c8680000)
 Metaspace       used 56608K, committed 57728K, reserved 1114112K
  class space    used 6146K, committed 6656K, reserved 1048576K
}
Event: 19.715 GC heap after
{Heap after GC invocations=94 (full 5):
 PSYoungGen      total 4096K, used 896K [0x00000000eab00000, 0x00000000eb000000, 0x0000000100000000)
  eden space 3072K, 0% used [0x00000000eab00000,0x00000000eab00000,0x00000000eae00000)
  from space 1024K, 87% used [0x00000000eaf00000,0x00000000eafe0000,0x00000000eb000000)
  to   space 1024K, 0% used [0x00000000eae00000,0x00000000eae00000,0x00000000eaf00000)
 ParOldGen       total 137728K, used 133961K [0x00000000c0000000, 0x00000000c8680000, 0x00000000eab00000)
  object space 137728K, 97% used [0x00000000c0000000,0x00000000c82d2788,0x00000000c8680000)
 Metaspace       used 56608K, committed 57728K, reserved 1114112K
  class space    used 6146K, committed 6656K, reserved 1048576K
}
Event: 19.729 GC heap before
{Heap before GC invocations=95 (full 5):
 PSYoungGen      total 4096K, used 3968K [0x00000000eab00000, 0x00000000eb000000, 0x0000000100000000)
  eden space 3072K, 100% used [0x00000000eab00000,0x00000000eae00000,0x00000000eae00000)
  from space 1024K, 87% used [0x00000000eaf00000,0x00000000eafe0000,0x00000000eb000000)
  to   space 1024K, 0% used [0x00000000eae00000,0x00000000eae00000,0x00000000eaf00000)
 ParOldGen       total 137728K, used 133961K [0x00000000c0000000, 0x00000000c8680000, 0x00000000eab00000)
  object space 137728K, 97% used [0x00000000c0000000,0x00000000c82d2788,0x00000000c8680000)
 Metaspace       used 56608K, committed 57728K, reserved 1114112K
  class space    used 6146K, committed 6656K, reserved 1048576K
}
Event: 19.730 GC heap after
{Heap after GC invocations=95 (full 5):
 PSYoungGen      total 4096K, used 807K [0x00000000eab00000, 0x00000000eb000000, 0x0000000100000000)
  eden space 3072K, 0% used [0x00000000eab00000,0x00000000eab00000,0x00000000eae00000)
  from space 1024K, 78% used [0x00000000eae00000,0x00000000eaec9fc0,0x00000000eaf00000)
  to   space 1024K, 0% used [0x00000000eaf00000,0x00000000eaf00000,0x00000000eb000000)
 ParOldGen       total 137728K, used 134698K [0x00000000c0000000, 0x00000000c8680000, 0x00000000eab00000)
  object space 137728K, 97% used [0x00000000c0000000,0x00000000c838a960,0x00000000c8680000)
 Metaspace       used 56608K, committed 57728K, reserved 1114112K
  class space    used 6146K, committed 6656K, reserved 1048576K
}
Event: 19.740 GC heap before
{Heap before GC invocations=96 (full 5):
 PSYoungGen      total 4096K, used 3879K [0x00000000eab00000, 0x00000000eb000000, 0x0000000100000000)
  eden space 3072K, 100% used [0x00000000eab00000,0x00000000eae00000,0x00000000eae00000)
  from space 1024K, 78% used [0x00000000eae00000,0x00000000eaec9fc0,0x00000000eaf00000)
  to   space 1024K, 0% used [0x00000000eaf00000,0x00000000eaf00000,0x00000000eb000000)
 ParOldGen       total 137728K, used 134698K [0x00000000c0000000, 0x00000000c8680000, 0x00000000eab00000)
  object space 137728K, 97% used [0x00000000c0000000,0x00000000c838a960,0x00000000c8680000)
 Metaspace       used 56608K, committed 57728K, reserved 1114112K
  class space    used 6146K, committed 6656K, reserved 1048576K
}
Event: 19.741 GC heap after
{Heap after GC invocations=96 (full 5):
 PSYoungGen      total 4096K, used 834K [0x00000000eab00000, 0x00000000eb000000, 0x0000000100000000)
  eden space 3072K, 0% used [0x00000000eab00000,0x00000000eab00000,0x00000000eae00000)
  from space 1024K, 81% used [0x00000000eaf00000,0x00000000eafd09b8,0x00000000eb000000)
  to   space 1024K, 0% used [0x00000000eae00000,0x00000000eae00000,0x00000000eaf00000)
 ParOldGen       total 137728K, used 135411K [0x00000000c0000000, 0x00000000c8680000, 0x00000000eab00000)
  object space 137728K, 98% used [0x00000000c0000000,0x00000000c843cfc8,0x00000000c8680000)
 Metaspace       used 56608K, committed 57728K, reserved 1114112K
  class space    used 6146K, committed 6656K, reserved 1048576K
}
Event: 19.750 GC heap before
{Heap before GC invocations=97 (full 5):
 PSYoungGen      total 4096K, used 3904K [0x00000000eab00000, 0x00000000eb000000, 0x0000000100000000)
  eden space 3072K, 99% used [0x00000000eab00000,0x00000000eadff698,0x00000000eae00000)
  from space 1024K, 81% used [0x00000000eaf00000,0x00000000eafd09b8,0x00000000eb000000)
  to   space 1024K, 0% used [0x00000000eae00000,0x00000000eae00000,0x00000000eaf00000)
 ParOldGen       total 137728K, used 135411K [0x00000000c0000000, 0x00000000c8680000, 0x00000000eab00000)
  object space 137728K, 98% used [0x00000000c0000000,0x00000000c843cfc8,0x00000000c8680000)
 Metaspace       used 56608K, committed 57728K, reserved 1114112K
  class space    used 6146K, committed 6656K, reserved 1048576K
}
Event: 19.751 GC heap after
{Heap after GC invocations=97 (full 5):
 PSYoungGen      total 4096K, used 893K [0x00000000eab00000, 0x00000000eb000000, 0x0000000100000000)
  eden space 3072K, 0% used [0x00000000eab00000,0x00000000eab00000,0x00000000eae00000)
  from space 1024K, 87% used [0x00000000eae00000,0x00000000eaedf478,0x00000000eaf00000)
  to   space 1024K, 0% used [0x00000000eaf00000,0x00000000eaf00000,0x00000000eb000000)
 ParOldGen       total 137728K, used 136136K [0x00000000c0000000, 0x00000000c8680000, 0x00000000eab00000)
  object space 137728K, 98% used [0x00000000c0000000,0x00000000c84f20f8,0x00000000c8680000)
 Metaspace       used 56608K, committed 57728K, reserved 1114112K
  class space    used 6146K, committed 6656K, reserved 1048576K
}
Event: 19.761 GC heap before
{Heap before GC invocations=98 (full 5):
 PSYoungGen      total 4096K, used 3965K [0x00000000eab00000, 0x00000000eb000000, 0x0000000100000000)
  eden space 3072K, 100% used [0x00000000eab00000,0x00000000eae00000,0x00000000eae00000)
  from space 1024K, 87% used [0x00000000eae00000,0x00000000eaedf478,0x00000000eaf00000)
  to   space 1024K, 0% used [0x00000000eaf00000,0x00000000eaf00000,0x00000000eb000000)
 ParOldGen       total 137728K, used 136136K [0x00000000c0000000, 0x00000000c8680000, 0x00000000eab00000)
  object space 137728K, 98% used [0x00000000c0000000,0x00000000c84f20f8,0x00000000c8680000)
 Metaspace       used 56608K, committed 57728K, reserved 1114112K
  class space    used 6146K, committed 6656K, reserved 1048576K
}
Event: 19.762 GC heap after
{Heap after GC invocations=98 (full 5):
 PSYoungGen      total 4096K, used 867K [0x00000000eab00000, 0x00000000eb000000, 0x0000000100000000)
  eden space 3072K, 0% used [0x00000000eab00000,0x00000000eab00000,0x00000000eae00000)
  from space 1024K, 84% used [0x00000000eaf00000,0x00000000eafd8c00,0x00000000eb000000)
  to   space 1024K, 0% used [0x00000000eae00000,0x00000000eae00000,0x00000000eaf00000)
 ParOldGen       total 137728K, used 136886K [0x00000000c0000000, 0x00000000c8680000, 0x00000000eab00000)
  object space 137728K, 99% used [0x00000000c0000000,0x00000000c85ad900,0x00000000c8680000)
 Metaspace       used 56608K, committed 57728K, reserved 1114112K
  class space    used 6146K, committed 6656K, reserved 1048576K
}
Event: 19.777 GC heap before
{Heap before GC invocations=99 (full 5):
 PSYoungGen      total 4096K, used 3939K [0x00000000eab00000, 0x00000000eb000000, 0x0000000100000000)
  eden space 3072K, 100% used [0x00000000eab00000,0x00000000eae00000,0x00000000eae00000)
  from space 1024K, 84% used [0x00000000eaf00000,0x00000000eafd8c00,0x00000000eb000000)
  to   space 1024K, 0% used [0x00000000eae00000,0x00000000eae00000,0x00000000eaf00000)
 ParOldGen       total 137728K, used 136886K [0x00000000c0000000, 0x00000000c8680000, 0x00000000eab00000)
  object space 137728K, 99% used [0x00000000c0000000,0x00000000c85ad900,0x00000000c8680000)
 Metaspace       used 56608K, committed 57728K, reserved 1114112K
  class space    used 6146K, committed 6656K, reserved 1048576K
}
Event: 19.778 GC heap after
{Heap after GC invocations=99 (full 5):
 PSYoungGen      total 4096K, used 913K [0x00000000eab00000, 0x00000000eb000000, 0x0000000100000000)
  eden space 3072K, 0% used [0x00000000eab00000,0x00000000eab00000,0x00000000eae00000)
  from space 1024K, 89% used [0x00000000eae00000,0x00000000eaee4628,0x00000000eaf00000)
  to   space 1024K, 0% used [0x00000000eaf00000,0x00000000eaf00000,0x00000000eb000000)
 ParOldGen       total 137728K, used 137614K [0x00000000c0000000, 0x00000000c8680000, 0x00000000eab00000)
  object space 137728K, 99% used [0x00000000c0000000,0x00000000c8663b20,0x00000000c8680000)
 Metaspace       used 56608K, committed 57728K, reserved 1114112K
  class space    used 6146K, committed 6656K, reserved 1048576K
}
Event: 19.778 GC heap before
{Heap before GC invocations=100 (full 6):
 PSYoungGen      total 4096K, used 913K [0x00000000eab00000, 0x00000000eb000000, 0x0000000100000000)
  eden space 3072K, 0% used [0x00000000eab00000,0x00000000eab00000,0x00000000eae00000)
  from space 1024K, 89% used [0x00000000eae00000,0x00000000eaee4628,0x00000000eaf00000)
  to   space 1024K, 0% used [0x00000000eaf00000,0x00000000eaf00000,0x00000000eb000000)
 ParOldGen       total 137728K, used 137614K [0x00000000c0000000, 0x00000000c8680000, 0x00000000eab00000)
  object space 137728K, 99% used [0x00000000c0000000,0x00000000c8663b20,0x00000000c8680000)
 Metaspace       used 56608K, committed 57728K, reserved 1114112K
  class space    used 6146K, committed 6656K, reserved 1048576K
}
Event: 19.847 GC heap after
{Heap after GC invocations=100 (full 6):
 PSYoungGen      total 4096K, used 0K [0x00000000eab00000, 0x00000000eb000000, 0x0000000100000000)
  eden space 3072K, 0% used [0x00000000eab00000,0x00000000eab00000,0x00000000eae00000)
  from space 1024K, 0% used [0x00000000eaf00000,0x00000000eaf00000,0x00000000eb000000)
  to   space 1024K, 0% used [0x00000000eae00000,0x00000000eae00000,0x00000000eaf00000)
 ParOldGen       total 158720K, used 134515K [0x00000000c0000000, 0x00000000c9b00000, 0x00000000eab00000)
  object space 158720K, 84% used [0x00000000c0000000,0x00000000c835ceb0,0x00000000c9b00000)
 Metaspace       used 56608K, committed 57728K, reserved 1114112K
  class space    used 6146K, committed 6656K, reserved 1048576K
}
Event: 19.860 GC heap before
{Heap before GC invocations=101 (full 6):
 PSYoungGen      total 4096K, used 3072K [0x00000000eab00000, 0x00000000eb000000, 0x0000000100000000)
  eden space 3072K, 100% used [0x00000000eab00000,0x00000000eae00000,0x00000000eae00000)
  from space 1024K, 0% used [0x00000000eaf00000,0x00000000eaf00000,0x00000000eb000000)
  to   space 1024K, 0% used [0x00000000eae00000,0x00000000eae00000,0x00000000eaf00000)
 ParOldGen       total 158720K, used 134515K [0x00000000c0000000, 0x00000000c9b00000, 0x00000000eab00000)
  object space 158720K, 84% used [0x00000000c0000000,0x00000000c835ceb0,0x00000000c9b00000)
 Metaspace       used 56608K, committed 57728K, reserved 1114112K
  class space    used 6146K, committed 6656K, reserved 1048576K
}

