# JRE version: OpenJDK Runtime Environment Temurin-17.0.10+7 (17.0.10+7) (build 17.0.10+7)
# Java VM: OpenJDK 64-Bit Server VM Temurin-17.0.10+7 (17.0.10+7, mixed mode, tiered, compressed oops, compressed class ptrs, parallel gc, windows-amd64)
GC Precious Log:
 CPUs: 12 total, 12 available
 Memory: 16201M
 Large Page Support: Disabled
 NUMA Support: Disabled
 Compressed Oops: Enabled (32-bit)
 Alignments: Space 512K, Generation 512K, Heap 2M
 Heap Min Capacity: 100M
 Heap Initial Capacity: 100M
 Heap Max Capacity: 1G
 Pre-touch: Disabled
 Parallel Workers: 10
Heap:
 PSYoungGen      total 15872K, used 12054K [0x00000000eab00000, 0x00000000ec300000, 0x0000000100000000)
  eden space 11264K, 66% used [0x00000000eab00000,0x00000000eb24dec0,0x00000000eb600000)
  from space 4608K, 99% used [0x00000000eb600000,0x00000000eba77b70,0x00000000eba80000)
  to   space 6144K, 0% used [0x00000000ebd00000,0x00000000ebd00000,0x00000000ec300000)
 ParOldGen       total 225792K, used 199031K [0x00000000c0000000, 0x00000000cdc80000, 0x00000000eab00000)
  object space 225792K, 88% used [0x00000000c0000000,0x00000000cc25dd08,0x00000000cdc80000)
 Metaspace       used 61322K, committed 62336K, reserved 1114112K
  class space    used 6715K, committed 7168K, reserved 1048576K
GC Heap History (20 events):
Event: 23.287 GC heap before
{Heap before GC invocations=207 (full 8):
 PSYoungGen      total 8192K, used 8168K [0x00000000eab00000, 0x00000000ebc00000, 0x0000000100000000)
  eden space 6656K, 100% used [0x00000000eab00000,0x00000000eb180000,0x00000000eb180000)
  from space 1536K, 98% used [0x00000000eb180000,0x00000000eb2fa378,0x00000000eb300000)
  to   space 4608K, 0% used [0x00000000eb780000,0x00000000eb780000,0x00000000ebc00000)
 ParOldGen       total 188928K, used 181338K [0x00000000c0000000, 0x00000000cb880000, 0x00000000eab00000)
  object space 188928K, 95% used [0x00000000c0000000,0x00000000cb116828,0x00000000cb880000)
 Metaspace       used 61317K, committed 62336K, reserved 1114112K
  class space    used 6715K, committed 7168K, reserved 1048576K
}
Event: 23.289 GC heap after
{Heap after GC invocations=207 (full 8):
 PSYoungGen      total 10752K, used 2812K [0x00000000eab00000, 0x00000000eba80000, 0x0000000100000000)
  eden space 7680K, 0% used [0x00000000eab00000,0x00000000eab00000,0x00000000eb280000)
  from space 3072K, 91% used [0x00000000eb780000,0x00000000eba3f220,0x00000000eba80000)
  to   space 3584K, 0% used [0x00000000eb380000,0x00000000eb380000,0x00000000eb700000)
 ParOldGen       total 188928K, used 181338K [0x00000000c0000000, 0x00000000cb880000, 0x00000000eab00000)
  object space 188928K, 95% used [0x00000000c0000000,0x00000000cb116828,0x00000000cb880000)
 Metaspace       used 61317K, committed 62336K, reserved 1114112K
  class space    used 6715K, committed 7168K, reserved 1048576K
}
Event: 23.315 GC heap before
{Heap before GC invocations=208 (full 8):
 PSYoungGen      total 10752K, used 10492K [0x00000000eab00000, 0x00000000eba80000, 0x0000000100000000)
  eden space 7680K, 100% used [0x00000000eab00000,0x00000000eb280000,0x00000000eb280000)
  from space 3072K, 91% used [0x00000000eb780000,0x00000000eba3f220,0x00000000eba80000)
  to   space 3584K, 0% used [0x00000000eb380000,0x00000000eb380000,0x00000000eb700000)
 ParOldGen       total 188928K, used 181338K [0x00000000c0000000, 0x00000000cb880000, 0x00000000eab00000)
  object space 188928K, 95% used [0x00000000c0000000,0x00000000cb116828,0x00000000cb880000)
 Metaspace       used 61318K, committed 62336K, reserved 1114112K
  class space    used 6715K, committed 7168K, reserved 1048576K
}
Event: 23.318 GC heap after
{Heap after GC invocations=208 (full 8):
 PSYoungGen      total 12288K, used 3563K [0x00000000eab00000, 0x00000000ebd80000, 0x0000000100000000)
  eden space 8704K, 0% used [0x00000000eab00000,0x00000000eab00000,0x00000000eb380000)
  from space 3584K, 99% used [0x00000000eb380000,0x00000000eb6facf0,0x00000000eb700000)
  to   space 5120K, 0% used [0x00000000eb880000,0x00000000eb880000,0x00000000ebd80000)
 ParOldGen       total 188928K, used 182304K [0x00000000c0000000, 0x00000000cb880000, 0x00000000eab00000)
  object space 188928K, 96% used [0x00000000c0000000,0x00000000cb208188,0x00000000cb880000)
 Metaspace       used 61318K, committed 62336K, reserved 1114112K
  class space    used 6715K, committed 7168K, reserved 1048576K
}
Event: 23.348 GC heap before
{Heap before GC invocations=209 (full 8):
 PSYoungGen      total 12288K, used 12267K [0x00000000eab00000, 0x00000000ebd80000, 0x0000000100000000)
  eden space 8704K, 100% used [0x00000000eab00000,0x00000000eb380000,0x00000000eb380000)
  from space 3584K, 99% used [0x00000000eb380000,0x00000000eb6facf0,0x00000000eb700000)
  to   space 5120K, 0% used [0x00000000eb880000,0x00000000eb880000,0x00000000ebd80000)
 ParOldGen       total 188928K, used 182304K [0x00000000c0000000, 0x00000000cb880000, 0x00000000eab00000)
  object space 188928K, 96% used [0x00000000c0000000,0x00000000cb208188,0x00000000cb880000)
 Metaspace       used 61318K, committed 62336K, reserved 1114112K
  class space    used 6715K, committed 7168K, reserved 1048576K
}
Event: 23.352 GC heap after
{Heap after GC invocations=209 (full 8):
 PSYoungGen      total 13824K, used 3433K [0x00000000eab00000, 0x00000000ebc80000, 0x0000000100000000)
  eden space 9728K, 0% used [0x00000000eab00000,0x00000000eab00000,0x00000000eb480000)
  from space 4096K, 83% used [0x00000000eb880000,0x00000000ebbda568,0x00000000ebc80000)
  to   space 4096K, 0% used [0x00000000eb480000,0x00000000eb480000,0x00000000eb880000)
 ParOldGen       total 188928K, used 184438K [0x00000000c0000000, 0x00000000cb880000, 0x00000000eab00000)
  object space 188928K, 97% used [0x00000000c0000000,0x00000000cb41db00,0x00000000cb880000)
 Metaspace       used 61318K, committed 62336K, reserved 1114112K
  class space    used 6715K, committed 7168K, reserved 1048576K
}
Event: 23.385 GC heap before
{Heap before GC invocations=210 (full 8):
 PSYoungGen      total 13824K, used 13161K [0x00000000eab00000, 0x00000000ebc80000, 0x0000000100000000)
  eden space 9728K, 100% used [0x00000000eab00000,0x00000000eb480000,0x00000000eb480000)
  from space 4096K, 83% used [0x00000000eb880000,0x00000000ebbda568,0x00000000ebc80000)
  to   space 4096K, 0% used [0x00000000eb480000,0x00000000eb480000,0x00000000eb880000)
 ParOldGen       total 188928K, used 184438K [0x00000000c0000000, 0x00000000cb880000, 0x00000000eab00000)
  object space 188928K, 97% used [0x00000000c0000000,0x00000000cb41db00,0x00000000cb880000)
 Metaspace       used 61319K, committed 62336K, reserved 1114112K
  class space    used 6715K, committed 7168K, reserved 1048576K
}
Event: 23.387 GC heap after
{Heap after GC invocations=210 (full 8):
 PSYoungGen      total 13824K, used 4084K [0x00000000eab00000, 0x00000000ec180000, 0x0000000100000000)
  eden space 9728K, 0% used [0x00000000eab00000,0x00000000eab00000,0x00000000eb480000)
  from space 4096K, 99% used [0x00000000eb480000,0x00000000eb87d160,0x00000000eb880000)
  to   space 6144K, 0% used [0x00000000ebb80000,0x00000000ebb80000,0x00000000ec180000)
 ParOldGen       total 188928K, used 185866K [0x00000000c0000000, 0x00000000cb880000, 0x00000000eab00000)
  object space 188928K, 98% used [0x00000000c0000000,0x00000000cb582a58,0x00000000cb880000)
 Metaspace       used 61319K, committed 62336K, reserved 1114112K
  class space    used 6715K, committed 7168K, reserved 1048576K
}
Event: 23.414 GC heap before
{Heap before GC invocations=211 (full 8):
 PSYoungGen      total 13824K, used 13812K [0x00000000eab00000, 0x00000000ec180000, 0x0000000100000000)
  eden space 9728K, 100% used [0x00000000eab00000,0x00000000eb480000,0x00000000eb480000)
  from space 4096K, 99% used [0x00000000eb480000,0x00000000eb87d160,0x00000000eb880000)
  to   space 6144K, 0% used [0x00000000ebb80000,0x00000000ebb80000,0x00000000ec180000)
 ParOldGen       total 188928K, used 185866K [0x00000000c0000000, 0x00000000cb880000, 0x00000000eab00000)
  object space 188928K, 98% used [0x00000000c0000000,0x00000000cb582a58,0x00000000cb880000)
 Metaspace       used 61319K, committed 62336K, reserved 1114112K
  class space    used 6715K, committed 7168K, reserved 1048576K
}
Event: 23.417 GC heap after
{Heap after GC invocations=211 (full 8):
 PSYoungGen      total 14848K, used 3906K [0x00000000eab00000, 0x00000000ebf80000, 0x0000000100000000)
  eden space 10752K, 0% used [0x00000000eab00000,0x00000000eab00000,0x00000000eb580000)
  from space 4096K, 95% used [0x00000000ebb80000,0x00000000ebf50bd0,0x00000000ebf80000)
  to   space 4608K, 0% used [0x00000000eb680000,0x00000000eb680000,0x00000000ebb00000)
 ParOldGen       total 188928K, used 188243K [0x00000000c0000000, 0x00000000cb880000, 0x00000000eab00000)
  object space 188928K, 99% used [0x00000000c0000000,0x00000000cb7d4dc0,0x00000000cb880000)
 Metaspace       used 61319K, committed 62336K, reserved 1114112K
  class space    used 6715K, committed 7168K, reserved 1048576K
}
Event: 23.417 GC heap before
{Heap before GC invocations=212 (full 9):
 PSYoungGen      total 14848K, used 3906K [0x00000000eab00000, 0x00000000ebf80000, 0x0000000100000000)
  eden space 10752K, 0% used [0x00000000eab00000,0x00000000eab00000,0x00000000eb580000)
  from space 4096K, 95% used [0x00000000ebb80000,0x00000000ebf50bd0,0x00000000ebf80000)
  to   space 4608K, 0% used [0x00000000eb680000,0x00000000eb680000,0x00000000ebb00000)
 ParOldGen       total 188928K, used 188243K [0x00000000c0000000, 0x00000000cb880000, 0x00000000eab00000)
  object space 188928K, 99% used [0x00000000c0000000,0x00000000cb7d4dc0,0x00000000cb880000)
 Metaspace       used 61319K, committed 62336K, reserved 1114112K
  class space    used 6715K, committed 7168K, reserved 1048576K
}
Event: 23.507 GC heap after
{Heap after GC invocations=212 (full 9):
 PSYoungGen      total 16384K, used 0K [0x00000000eab00000, 0x00000000ebf80000, 0x0000000100000000)
  eden space 11776K, 0% used [0x00000000eab00000,0x00000000eab00000,0x00000000eb680000)
  from space 4608K, 0% used [0x00000000eb680000,0x00000000eb680000,0x00000000ebb00000)
  to   space 4608K, 0% used [0x00000000ebb00000,0x00000000ebb00000,0x00000000ebf80000)
 ParOldGen       total 225792K, used 187376K [0x00000000c0000000, 0x00000000cdc80000, 0x00000000eab00000)
  object space 225792K, 82% used [0x00000000c0000000,0x00000000cb6fc2f0,0x00000000cdc80000)
 Metaspace       used 61319K, committed 62336K, reserved 1114112K
  class space    used 6715K, committed 7168K, reserved 1048576K
}
Event: 23.545 GC heap before
{Heap before GC invocations=213 (full 9):
 PSYoungGen      total 16384K, used 11776K [0x00000000eab00000, 0x00000000ebf80000, 0x0000000100000000)
  eden space 11776K, 100% used [0x00000000eab00000,0x00000000eb680000,0x00000000eb680000)
  from space 4608K, 0% used [0x00000000eb680000,0x00000000eb680000,0x00000000ebb00000)
  to   space 4608K, 0% used [0x00000000ebb00000,0x00000000ebb00000,0x00000000ebf80000)
 ParOldGen       total 225792K, used 187376K [0x00000000c0000000, 0x00000000cdc80000, 0x00000000eab00000)
  object space 225792K, 82% used [0x00000000c0000000,0x00000000cb6fc2f0,0x00000000cdc80000)
 Metaspace       used 61319K, committed 62336K, reserved 1114112K
  class space    used 6715K, committed 7168K, reserved 1048576K
}
Event: 23.547 GC heap after
{Heap after GC invocations=213 (full 9):
 PSYoungGen      total 16384K, used 2745K [0x00000000eab00000, 0x00000000ebe80000, 0x0000000100000000)
  eden space 12800K, 0% used [0x00000000eab00000,0x00000000eab00000,0x00000000eb780000)
  from space 3584K, 76% used [0x00000000ebb00000,0x00000000ebdae7d8,0x00000000ebe80000)
  to   space 3584K, 0% used [0x00000000eb780000,0x00000000eb780000,0x00000000ebb00000)
 ParOldGen       total 225792K, used 187376K [0x00000000c0000000, 0x00000000cdc80000, 0x00000000eab00000)
  object space 225792K, 82% used [0x00000000c0000000,0x00000000cb6fc2f0,0x00000000cdc80000)
 Metaspace       used 61319K, committed 62336K, reserved 1114112K
  class space    used 6715K, committed 7168K, reserved 1048576K
}
Event: 23.581 GC heap before
{Heap before GC invocations=214 (full 9):
 PSYoungGen      total 16384K, used 15545K [0x00000000eab00000, 0x00000000ebe80000, 0x0000000100000000)
  eden space 12800K, 100% used [0x00000000eab00000,0x00000000eb780000,0x00000000eb780000)
  from space 3584K, 76% used [0x00000000ebb00000,0x00000000ebdae7d8,0x00000000ebe80000)
  to   space 3584K, 0% used [0x00000000eb780000,0x00000000eb780000,0x00000000ebb00000)
 ParOldGen       total 225792K, used 187376K [0x00000000c0000000, 0x00000000cdc80000, 0x00000000eab00000)
  object space 225792K, 82% used [0x00000000c0000000,0x00000000cb6fc2f0,0x00000000cdc80000)
 Metaspace       used 61319K, committed 62336K, reserved 1114112K
  class space    used 6715K, committed 7168K, reserved 1048576K
}
Event: 23.583 GC heap after
{Heap after GC invocations=214 (full 9):
 PSYoungGen      total 16384K, used 3555K [0x00000000eab00000, 0x00000000ec480000, 0x0000000100000000)
  eden space 12800K, 0% used [0x00000000eab00000,0x00000000eab00000,0x00000000eb780000)
  from space 3584K, 99% used [0x00000000eb780000,0x00000000ebaf8f98,0x00000000ebb00000)
  to   space 6144K, 0% used [0x00000000ebe80000,0x00000000ebe80000,0x00000000ec480000)
 ParOldGen       total 225792K, used 189198K [0x00000000c0000000, 0x00000000cdc80000, 0x00000000eab00000)
  object space 225792K, 83% used [0x00000000c0000000,0x00000000cb8c3980,0x00000000cdc80000)
 Metaspace       used 61319K, committed 62336K, reserved 1114112K
  class space    used 6715K, committed 7168K, reserved 1048576K
}
Event: 23.612 GC heap before
{Heap before GC invocations=215 (full 9):
 PSYoungGen      total 16384K, used 16355K [0x00000000eab00000, 0x00000000ec480000, 0x0000000100000000)
  eden space 12800K, 100% used [0x00000000eab00000,0x00000000eb780000,0x00000000eb780000)
  from space 3584K, 99% used [0x00000000eb780000,0x00000000ebaf8f98,0x00000000ebb00000)
  to   space 6144K, 0% used [0x00000000ebe80000,0x00000000ebe80000,0x00000000ec480000)
 ParOldGen       total 225792K, used 189198K [0x00000000c0000000, 0x00000000cdc80000, 0x00000000eab00000)
  object space 225792K, 83% used [0x00000000c0000000,0x00000000cb8c3980,0x00000000cdc80000)
 Metaspace       used 61319K, committed 62336K, reserved 1114112K
  class space    used 6715K, committed 7168K, reserved 1048576K
}
Event: 23.615 GC heap after
{Heap after GC invocations=215 (full 9):
 PSYoungGen      total 18944K, used 6140K [0x00000000eab00000, 0x00000000ec680000, 0x0000000100000000)
  eden space 12800K, 0% used [0x00000000eab00000,0x00000000eab00000,0x00000000eb780000)
  from space 6144K, 99% used [0x00000000ebe80000,0x00000000ec47f098,0x00000000ec480000)
  to   space 7168K, 0% used [0x00000000eb780000,0x00000000eb780000,0x00000000ebe80000)
 ParOldGen       total 225792K, used 189798K [0x00000000c0000000, 0x00000000cdc80000, 0x00000000eab00000)
  object space 225792K, 84% used [0x00000000c0000000,0x00000000cb959870,0x00000000cdc80000)
 Metaspace       used 61319K, committed 62336K, reserved 1114112K
  class space    used 6715K, committed 7168K, reserved 1048576K
}
Event: 23.653 GC heap before
{Heap before GC invocations=216 (full 9):
 PSYoungGen      total 18944K, used 18940K [0x00000000eab00000, 0x00000000ec680000, 0x0000000100000000)
  eden space 12800K, 100% used [0x00000000eab00000,0x00000000eb780000,0x00000000eb780000)
  from space 6144K, 99% used [0x00000000ebe80000,0x00000000ec47f098,0x00000000ec480000)
  to   space 7168K, 0% used [0x00000000eb780000,0x00000000eb780000,0x00000000ebe80000)
 ParOldGen       total 225792K, used 189798K [0x00000000c0000000, 0x00000000cdc80000, 0x00000000eab00000)
  object space 225792K, 84% used [0x00000000c0000000,0x00000000cb959870,0x00000000cdc80000)
 Metaspace       used 61322K, committed 62336K, reserved 1114112K
  class space    used 6715K, committed 7168K, reserved 1048576K
}
Event: 23.656 GC heap after
{Heap after GC invocations=216 (full 9):
 PSYoungGen      total 19968K, used 5644K [0x00000000eab00000, 0x00000000ec480000, 0x0000000100000000)
  eden space 12800K, 0% used [0x00000000eab00000,0x00000000eab00000,0x00000000eb780000)
  from space 7168K, 78% used [0x00000000eb780000,0x00000000ebd033a0,0x00000000ebe80000)
  to   space 6144K, 0% used [0x00000000ebe80000,0x00000000ebe80000,0x00000000ec480000)
 ParOldGen       total 225792K, used 193008K [0x00000000c0000000, 0x00000000cdc80000, 0x00000000eab00000)
  object space 225792K, 85% used [0x00000000c0000000,0x00000000cbc7c078,0x00000000cdc80000)
 Metaspace       used 61322K, committed 62336K, reserved 1114112K
  class space    used 6715K, committed 7168K, reserved 1048576K
}

