# JRE version: Java(TM) SE Runtime Environment (20.0.2+9) (build 20.0.2+9-78)
# Java VM: Java HotSpot(TM) 64-Bit Server VM (20.0.2+9-78, mixed mode, sharing, tiered, compressed oops, compressed class ptrs, g1 gc, windows-amd64)
GC Precious Log:
 CardTable entry size: 512
 Card Set container configuration: InlinePtr #cards 5 size 8 Array Of Cards #cards 12 size 40 Howl #buckets 4 coarsen threshold 1843 Howl Bitmap #cards 512 size 80 coarsen threshold 460 Card regions per heap region 1 cards per card region 2048
 CPUs: 12 total, 12 available
 Memory: 16201M
 Large Page Support: Disabled
 NUMA Support: Disabled
 Compressed Oops: Enabled (32-bit)
 Heap Region Size: 1M
 Heap Min Capacity: 8M
 Heap Initial Capacity: 254M
 Heap Max Capacity: 2G
 Pre-touch: Disabled
 Parallel Workers: 10
 Concurrent Workers: 3
 Concurrent Refinement Workers: 10
 Periodic GC: Disabled
Heap:
 garbage-first heap   total 189440K, used 161084K [0x0000000080000000, 0x0000000100000000)
  region size 1024K, 53 young (54272K), 7 survivors (7168K)
 Metaspace       used 101616K, committed 104064K, reserved 552960K
  class space    used 14114K, committed 15296K, reserved 421888K
GC Heap History (20 events):
Event: 21.150 GC heap after
{Heap after GC invocations=24 (full 0):
 garbage-first heap   total 125952K, used 86265K [0x0000000080000000, 0x0000000100000000)
  region size 1024K, 1 young (1024K), 1 survivors (1024K)
 Metaspace       used 80633K, committed 82816K, reserved 552960K
  class space    used 11205K, committed 12288K, reserved 421888K
}
Event: 21.720 GC heap before
{Heap before GC invocations=25 (full 0):
 garbage-first heap   total 147456K, used 119033K [0x0000000080000000, 0x0000000100000000)
  region size 1024K, 29 young (29696K), 1 survivors (1024K)
 Metaspace       used 82257K, committed 84416K, reserved 552960K
  class space    used 11399K, committed 12480K, reserved 421888K
}
Event: 21.724 GC heap after
{Heap after GC invocations=26 (full 0):
 garbage-first heap   total 147456K, used 94328K [0x0000000080000000, 0x0000000100000000)
  region size 1024K, 4 young (4096K), 4 survivors (4096K)
 Metaspace       used 82257K, committed 84416K, reserved 552960K
  class space    used 11399K, committed 12480K, reserved 421888K
}
Event: 22.257 GC heap before
{Heap before GC invocations=26 (full 0):
 garbage-first heap   total 147456K, used 134264K [0x0000000080000000, 0x0000000100000000)
  region size 1024K, 41 young (41984K), 4 survivors (4096K)
 Metaspace       used 84582K, committed 86720K, reserved 552960K
  class space    used 11700K, committed 12736K, reserved 421888K
}
Event: 22.261 GC heap after
{Heap after GC invocations=27 (full 0):
 garbage-first heap   total 147456K, used 92813K [0x0000000080000000, 0x0000000100000000)
  region size 1024K, 3 young (3072K), 3 survivors (3072K)
 Metaspace       used 84582K, committed 86720K, reserved 552960K
  class space    used 11700K, committed 12736K, reserved 421888K
}
Event: 22.851 GC heap before
{Heap before GC invocations=27 (full 0):
 garbage-first heap   total 147456K, used 133773K [0x0000000080000000, 0x0000000100000000)
  region size 1024K, 43 young (44032K), 3 survivors (3072K)
 Metaspace       used 87548K, committed 89728K, reserved 552960K
  class space    used 12080K, committed 13184K, reserved 421888K
}
Event: 22.855 GC heap after
{Heap after GC invocations=28 (full 0):
 garbage-first heap   total 147456K, used 94530K [0x0000000080000000, 0x0000000100000000)
  region size 1024K, 5 young (5120K), 5 survivors (5120K)
 Metaspace       used 87548K, committed 89728K, reserved 552960K
  class space    used 12080K, committed 13184K, reserved 421888K
}
Event: 23.322 GC heap before
{Heap before GC invocations=29 (full 0):
 garbage-first heap   total 162816K, used 131394K [0x0000000080000000, 0x0000000100000000)
  region size 1024K, 42 young (43008K), 5 survivors (5120K)
 Metaspace       used 88529K, committed 90752K, reserved 552960K
  class space    used 12215K, committed 13312K, reserved 421888K
}
Event: 23.325 GC heap after
{Heap after GC invocations=30 (full 0):
 garbage-first heap   total 162816K, used 95949K [0x0000000080000000, 0x0000000100000000)
  region size 1024K, 5 young (5120K), 5 survivors (5120K)
 Metaspace       used 88529K, committed 90752K, reserved 552960K
  class space    used 12215K, committed 13312K, reserved 421888K
}
Event: 27.837 GC heap before
{Heap before GC invocations=30 (full 0):
 garbage-first heap   total 162816K, used 147149K [0x0000000080000000, 0x0000000100000000)
  region size 1024K, 55 young (56320K), 5 survivors (5120K)
 Metaspace       used 90846K, committed 93120K, reserved 552960K
  class space    used 12536K, committed 13632K, reserved 421888K
}
Event: 27.841 GC heap after
{Heap after GC invocations=31 (full 0):
 garbage-first heap   total 162816K, used 98429K [0x0000000080000000, 0x0000000100000000)
  region size 1024K, 6 young (6144K), 6 survivors (6144K)
 Metaspace       used 90846K, committed 93120K, reserved 552960K
  class space    used 12536K, committed 13632K, reserved 421888K
}
Event: 28.049 GC heap before
{Heap before GC invocations=31 (full 0):
 garbage-first heap   total 162816K, used 115837K [0x0000000080000000, 0x0000000100000000)
  region size 1024K, 24 young (24576K), 6 survivors (6144K)
 Metaspace       used 92043K, committed 94336K, reserved 552960K
  class space    used 12701K, committed 13824K, reserved 421888K
}
Event: 28.053 GC heap after
{Heap after GC invocations=32 (full 0):
 garbage-first heap   total 162816K, used 99516K [0x0000000080000000, 0x0000000100000000)
  region size 1024K, 5 young (5120K), 5 survivors (5120K)
 Metaspace       used 92043K, committed 94336K, reserved 552960K
  class space    used 12701K, committed 13824K, reserved 421888K
}
Event: 28.722 GC heap before
{Heap before GC invocations=33 (full 0):
 garbage-first heap   total 176128K, used 147644K [0x0000000080000000, 0x0000000100000000)
  region size 1024K, 51 young (52224K), 5 survivors (5120K)
 Metaspace       used 95209K, committed 97472K, reserved 552960K
  class space    used 13298K, committed 14400K, reserved 421888K
}
Event: 28.725 GC heap after
{Heap after GC invocations=34 (full 0):
 garbage-first heap   total 176128K, used 100986K [0x0000000080000000, 0x0000000100000000)
  region size 1024K, 3 young (3072K), 3 survivors (3072K)
 Metaspace       used 95209K, committed 97472K, reserved 552960K
  class space    used 13298K, committed 14400K, reserved 421888K
}
Event: 29.422 GC heap before
{Heap before GC invocations=34 (full 0):
 garbage-first heap   total 176128K, used 161402K [0x0000000080000000, 0x0000000100000000)
  region size 1024K, 62 young (63488K), 3 survivors (3072K)
 Metaspace       used 97948K, committed 100288K, reserved 552960K
  class space    used 13665K, committed 14784K, reserved 421888K
}
Event: 29.429 GC heap after
{Heap after GC invocations=35 (full 0):
 garbage-first heap   total 176128K, used 104261K [0x0000000080000000, 0x0000000100000000)
  region size 1024K, 7 young (7168K), 7 survivors (7168K)
 Metaspace       used 97948K, committed 100288K, reserved 552960K
  class space    used 13665K, committed 14784K, reserved 421888K
}
Event: 30.303 GC heap before
{Heap before GC invocations=35 (full 0):
 garbage-first heap   total 176128K, used 157509K [0x0000000080000000, 0x0000000100000000)
  region size 1024K, 59 young (60416K), 7 survivors (7168K)
 Metaspace       used 99972K, committed 102400K, reserved 552960K
  class space    used 13974K, committed 15168K, reserved 421888K
}
Event: 30.311 GC heap after
{Heap after GC invocations=36 (full 0):
 garbage-first heap   total 176128K, used 109884K [0x0000000080000000, 0x0000000100000000)
  region size 1024K, 8 young (8192K), 8 survivors (8192K)
 Metaspace       used 99972K, committed 102400K, reserved 552960K
  class space    used 13974K, committed 15168K, reserved 421888K
}
Event: 31.294 GC heap before
{Heap before GC invocations=37 (full 0):
 garbage-first heap   total 189440K, used 160060K [0x0000000080000000, 0x0000000100000000)
  region size 1024K, 54 young (55296K), 8 survivors (8192K)
 Metaspace       used 101616K, committed 104064K, reserved 552960K
  class space    used 14114K, committed 15296K, reserved 421888K
}

