# JRE version: OpenJDK Runtime Environment Temurin-17.0.10+7 (17.0.10+7) (build 17.0.10+7)
# Java VM: OpenJDK 64-Bit Server VM Temurin-17.0.10+7 (17.0.10+7, mixed mode, tiered, compressed oops, compressed class ptrs, parallel gc, windows-amd64)
GC Precious Log:
 CPUs: 12 total, 12 available
 Memory: 16201M
 Large Page Support: Disabled
 NUMA Support: Disabled
 Compressed Oops: Enabled (32-bit)
 Alignments: Space 512K, Generation 512K, Heap 2M
 Heap Min Capacity: 100M
 Heap Initial Capacity: 100M
 Heap Max Capacity: 1G
 Pre-touch: Disabled
 Parallel Workers: 10
Heap:
 PSYoungGen      total 4096K, used 901K [0x00000000eab00000, 0x00000000eb000000, 0x0000000100000000)
  eden space 3072K, 0% used [0x00000000eab00000,0x00000000eab00000,0x00000000eae00000)
  from space 1024K, 88% used [0x00000000eaf00000,0x00000000eafe15a8,0x00000000eb000000)
  to   space 1024K, 0% used [0x00000000eae00000,0x00000000eae00000,0x00000000eaf00000)
 ParOldGen       total 172544K, used 172328K [0x00000000c0000000, 0x00000000ca880000, 0x00000000eab00000)
  object space 172544K, 99% used [0x00000000c0000000,0x00000000ca84a0e0,0x00000000ca880000)
 Metaspace       used 60802K, committed 61952K, reserved 1114112K
  class space    used 6682K, committed 7168K, reserved 1048576K
GC Heap History (20 events):
Event: 22.101 GC heap after
{Heap after GC invocations=99 (full 7):
 PSYoungGen      total 4096K, used 940K [0x00000000eab00000, 0x00000000eb000000, 0x0000000100000000)
  eden space 3072K, 0% used [0x00000000eab00000,0x00000000eab00000,0x00000000eae00000)
  from space 1024K, 91% used [0x00000000eae00000,0x00000000eaeeb010,0x00000000eaf00000)
  to   space 1024K, 0% used [0x00000000eaf00000,0x00000000eaf00000,0x00000000eb000000)
 ParOldGen       total 172544K, used 165515K [0x00000000c0000000, 0x00000000ca880000, 0x00000000eab00000)
  object space 172544K, 95% used [0x00000000c0000000,0x00000000ca1a2e40,0x00000000ca880000)
 Metaspace       used 60802K, committed 61952K, reserved 1114112K
  class space    used 6682K, committed 7168K, reserved 1048576K
}
Event: 22.111 GC heap before
{Heap before GC invocations=100 (full 7):
 PSYoungGen      total 4096K, used 4012K [0x00000000eab00000, 0x00000000eb000000, 0x0000000100000000)
  eden space 3072K, 100% used [0x00000000eab00000,0x00000000eae00000,0x00000000eae00000)
  from space 1024K, 91% used [0x00000000eae00000,0x00000000eaeeb010,0x00000000eaf00000)
  to   space 1024K, 0% used [0x00000000eaf00000,0x00000000eaf00000,0x00000000eb000000)
 ParOldGen       total 172544K, used 165515K [0x00000000c0000000, 0x00000000ca880000, 0x00000000eab00000)
  object space 172544K, 95% used [0x00000000c0000000,0x00000000ca1a2e40,0x00000000ca880000)
 Metaspace       used 60802K, committed 61952K, reserved 1114112K
  class space    used 6682K, committed 7168K, reserved 1048576K
}
Event: 22.112 GC heap after
{Heap after GC invocations=100 (full 7):
 PSYoungGen      total 3584K, used 1017K [0x00000000eab00000, 0x00000000eb100000, 0x0000000100000000)
  eden space 2560K, 0% used [0x00000000eab00000,0x00000000eab00000,0x00000000ead80000)
  from space 1024K, 99% used [0x00000000eaf00000,0x00000000eaffe748,0x00000000eb000000)
  to   space 1536K, 0% used [0x00000000ead80000,0x00000000ead80000,0x00000000eaf00000)
 ParOldGen       total 172544K, used 166324K [0x00000000c0000000, 0x00000000ca880000, 0x00000000eab00000)
  object space 172544K, 96% used [0x00000000c0000000,0x00000000ca26d240,0x00000000ca880000)
 Metaspace       used 60802K, committed 61952K, reserved 1114112K
  class space    used 6682K, committed 7168K, reserved 1048576K
}
Event: 22.118 GC heap before
{Heap before GC invocations=101 (full 7):
 PSYoungGen      total 3584K, used 3577K [0x00000000eab00000, 0x00000000eb100000, 0x0000000100000000)
  eden space 2560K, 100% used [0x00000000eab00000,0x00000000ead80000,0x00000000ead80000)
  from space 1024K, 99% used [0x00000000eaf00000,0x00000000eaffe748,0x00000000eb000000)
  to   space 1536K, 0% used [0x00000000ead80000,0x00000000ead80000,0x00000000eaf00000)
 ParOldGen       total 172544K, used 166324K [0x00000000c0000000, 0x00000000ca880000, 0x00000000eab00000)
  object space 172544K, 96% used [0x00000000c0000000,0x00000000ca26d240,0x00000000ca880000)
 Metaspace       used 60802K, committed 61952K, reserved 1114112K
  class space    used 6682K, committed 7168K, reserved 1048576K
}
Event: 22.120 GC heap after
{Heap after GC invocations=101 (full 7):
 PSYoungGen      total 4096K, used 832K [0x00000000eab00000, 0x00000000eb000000, 0x0000000100000000)
  eden space 2560K, 0% used [0x00000000eab00000,0x00000000eab00000,0x00000000ead80000)
  from space 1536K, 54% used [0x00000000ead80000,0x00000000eae50000,0x00000000eaf00000)
  to   space 1024K, 0% used [0x00000000eaf00000,0x00000000eaf00000,0x00000000eb000000)
 ParOldGen       total 172544K, used 167148K [0x00000000c0000000, 0x00000000ca880000, 0x00000000eab00000)
  object space 172544K, 96% used [0x00000000c0000000,0x00000000ca33b2d8,0x00000000ca880000)
 Metaspace       used 60802K, committed 61952K, reserved 1114112K
  class space    used 6682K, committed 7168K, reserved 1048576K
}
Event: 22.127 GC heap before
{Heap before GC invocations=102 (full 7):
 PSYoungGen      total 4096K, used 3392K [0x00000000eab00000, 0x00000000eb000000, 0x0000000100000000)
  eden space 2560K, 100% used [0x00000000eab00000,0x00000000ead80000,0x00000000ead80000)
  from space 1536K, 54% used [0x00000000ead80000,0x00000000eae50000,0x00000000eaf00000)
  to   space 1024K, 0% used [0x00000000eaf00000,0x00000000eaf00000,0x00000000eb000000)
 ParOldGen       total 172544K, used 167148K [0x00000000c0000000, 0x00000000ca880000, 0x00000000eab00000)
  object space 172544K, 96% used [0x00000000c0000000,0x00000000ca33b2d8,0x00000000ca880000)
 Metaspace       used 60802K, committed 61952K, reserved 1114112K
  class space    used 6682K, committed 7168K, reserved 1048576K
}
Event: 22.128 GC heap after
{Heap after GC invocations=102 (full 7):
 PSYoungGen      total 4096K, used 918K [0x00000000eab00000, 0x00000000eb000000, 0x0000000100000000)
  eden space 3072K, 0% used [0x00000000eab00000,0x00000000eab00000,0x00000000eae00000)
  from space 1024K, 89% used [0x00000000eaf00000,0x00000000eafe58d0,0x00000000eb000000)
  to   space 1024K, 0% used [0x00000000eae00000,0x00000000eae00000,0x00000000eaf00000)
 ParOldGen       total 172544K, used 167832K [0x00000000c0000000, 0x00000000ca880000, 0x00000000eab00000)
  object space 172544K, 97% used [0x00000000c0000000,0x00000000ca3e6028,0x00000000ca880000)
 Metaspace       used 60802K, committed 61952K, reserved 1114112K
  class space    used 6682K, committed 7168K, reserved 1048576K
}
Event: 22.137 GC heap before
{Heap before GC invocations=103 (full 7):
 PSYoungGen      total 4096K, used 3990K [0x00000000eab00000, 0x00000000eb000000, 0x0000000100000000)
  eden space 3072K, 100% used [0x00000000eab00000,0x00000000eae00000,0x00000000eae00000)
  from space 1024K, 89% used [0x00000000eaf00000,0x00000000eafe58d0,0x00000000eb000000)
  to   space 1024K, 0% used [0x00000000eae00000,0x00000000eae00000,0x00000000eaf00000)
 ParOldGen       total 172544K, used 167832K [0x00000000c0000000, 0x00000000ca880000, 0x00000000eab00000)
  object space 172544K, 97% used [0x00000000c0000000,0x00000000ca3e6028,0x00000000ca880000)
 Metaspace       used 60802K, committed 61952K, reserved 1114112K
  class space    used 6682K, committed 7168K, reserved 1048576K
}
Event: 22.138 GC heap after
{Heap after GC invocations=103 (full 7):
 PSYoungGen      total 4096K, used 844K [0x00000000eab00000, 0x00000000eb000000, 0x0000000100000000)
  eden space 3072K, 0% used [0x00000000eab00000,0x00000000eab00000,0x00000000eae00000)
  from space 1024K, 82% used [0x00000000eae00000,0x00000000eaed3258,0x00000000eaf00000)
  to   space 1024K, 0% used [0x00000000eaf00000,0x00000000eaf00000,0x00000000eb000000)
 ParOldGen       total 172544K, used 168553K [0x00000000c0000000, 0x00000000ca880000, 0x00000000eab00000)
  object space 172544K, 97% used [0x00000000c0000000,0x00000000ca49a540,0x00000000ca880000)
 Metaspace       used 60802K, committed 61952K, reserved 1114112K
  class space    used 6682K, committed 7168K, reserved 1048576K
}
Event: 22.147 GC heap before
{Heap before GC invocations=104 (full 7):
 PSYoungGen      total 4096K, used 3916K [0x00000000eab00000, 0x00000000eb000000, 0x0000000100000000)
  eden space 3072K, 100% used [0x00000000eab00000,0x00000000eae00000,0x00000000eae00000)
  from space 1024K, 82% used [0x00000000eae00000,0x00000000eaed3258,0x00000000eaf00000)
  to   space 1024K, 0% used [0x00000000eaf00000,0x00000000eaf00000,0x00000000eb000000)
 ParOldGen       total 172544K, used 168553K [0x00000000c0000000, 0x00000000ca880000, 0x00000000eab00000)
  object space 172544K, 97% used [0x00000000c0000000,0x00000000ca49a540,0x00000000ca880000)
 Metaspace       used 60802K, committed 61952K, reserved 1114112K
  class space    used 6682K, committed 7168K, reserved 1048576K
}
Event: 22.148 GC heap after
{Heap after GC invocations=104 (full 7):
 PSYoungGen      total 4096K, used 848K [0x00000000eab00000, 0x00000000eb000000, 0x0000000100000000)
  eden space 3072K, 0% used [0x00000000eab00000,0x00000000eab00000,0x00000000eae00000)
  from space 1024K, 82% used [0x00000000eaf00000,0x00000000eafd4068,0x00000000eb000000)
  to   space 1024K, 0% used [0x00000000eae00000,0x00000000eae00000,0x00000000eaf00000)
 ParOldGen       total 172544K, used 169274K [0x00000000c0000000, 0x00000000ca880000, 0x00000000eab00000)
  object space 172544K, 98% used [0x00000000c0000000,0x00000000ca54eb18,0x00000000ca880000)
 Metaspace       used 60802K, committed 61952K, reserved 1114112K
  class space    used 6682K, committed 7168K, reserved 1048576K
}
Event: 22.163 GC heap before
{Heap before GC invocations=105 (full 7):
 PSYoungGen      total 4096K, used 3920K [0x00000000eab00000, 0x00000000eb000000, 0x0000000100000000)
  eden space 3072K, 100% used [0x00000000eab00000,0x00000000eae00000,0x00000000eae00000)
  from space 1024K, 82% used [0x00000000eaf00000,0x00000000eafd4068,0x00000000eb000000)
  to   space 1024K, 0% used [0x00000000eae00000,0x00000000eae00000,0x00000000eaf00000)
 ParOldGen       total 172544K, used 169274K [0x00000000c0000000, 0x00000000ca880000, 0x00000000eab00000)
  object space 172544K, 98% used [0x00000000c0000000,0x00000000ca54eb18,0x00000000ca880000)
 Metaspace       used 60802K, committed 61952K, reserved 1114112K
  class space    used 6682K, committed 7168K, reserved 1048576K
}
Event: 22.164 GC heap after
{Heap after GC invocations=105 (full 7):
 PSYoungGen      total 4096K, used 906K [0x00000000eab00000, 0x00000000eb000000, 0x0000000100000000)
  eden space 3072K, 0% used [0x00000000eab00000,0x00000000eab00000,0x00000000eae00000)
  from space 1024K, 88% used [0x00000000eae00000,0x00000000eaee29e0,0x00000000eaf00000)
  to   space 1024K, 0% used [0x00000000eaf00000,0x00000000eaf00000,0x00000000eb000000)
 ParOldGen       total 172544K, used 170024K [0x00000000c0000000, 0x00000000ca880000, 0x00000000eab00000)
  object space 172544K, 98% used [0x00000000c0000000,0x00000000ca60a118,0x00000000ca880000)
 Metaspace       used 60802K, committed 61952K, reserved 1114112K
  class space    used 6682K, committed 7168K, reserved 1048576K
}
Event: 22.176 GC heap before
{Heap before GC invocations=106 (full 7):
 PSYoungGen      total 4096K, used 3978K [0x00000000eab00000, 0x00000000eb000000, 0x0000000100000000)
  eden space 3072K, 100% used [0x00000000eab00000,0x00000000eae00000,0x00000000eae00000)
  from space 1024K, 88% used [0x00000000eae00000,0x00000000eaee29e0,0x00000000eaf00000)
  to   space 1024K, 0% used [0x00000000eaf00000,0x00000000eaf00000,0x00000000eb000000)
 ParOldGen       total 172544K, used 170024K [0x00000000c0000000, 0x00000000ca880000, 0x00000000eab00000)
  object space 172544K, 98% used [0x00000000c0000000,0x00000000ca60a118,0x00000000ca880000)
 Metaspace       used 60802K, committed 61952K, reserved 1114112K
  class space    used 6682K, committed 7168K, reserved 1048576K
}
Event: 22.178 GC heap after
{Heap after GC invocations=106 (full 7):
 PSYoungGen      total 4096K, used 876K [0x00000000eab00000, 0x00000000eb000000, 0x0000000100000000)
  eden space 3072K, 0% used [0x00000000eab00000,0x00000000eab00000,0x00000000eae00000)
  from space 1024K, 85% used [0x00000000eaf00000,0x00000000eafdb3c8,0x00000000eb000000)
  to   space 1024K, 0% used [0x00000000eae00000,0x00000000eae00000,0x00000000eaf00000)
 ParOldGen       total 172544K, used 170770K [0x00000000c0000000, 0x00000000ca880000, 0x00000000eab00000)
  object space 172544K, 98% used [0x00000000c0000000,0x00000000ca6c49d8,0x00000000ca880000)
 Metaspace       used 60802K, committed 61952K, reserved 1114112K
  class space    used 6682K, committed 7168K, reserved 1048576K
}
Event: 22.192 GC heap before
{Heap before GC invocations=107 (full 7):
 PSYoungGen      total 4096K, used 3948K [0x00000000eab00000, 0x00000000eb000000, 0x0000000100000000)
  eden space 3072K, 100% used [0x00000000eab00000,0x00000000eae00000,0x00000000eae00000)
  from space 1024K, 85% used [0x00000000eaf00000,0x00000000eafdb3c8,0x00000000eb000000)
  to   space 1024K, 0% used [0x00000000eae00000,0x00000000eae00000,0x00000000eaf00000)
 ParOldGen       total 172544K, used 170770K [0x00000000c0000000, 0x00000000ca880000, 0x00000000eab00000)
  object space 172544K, 98% used [0x00000000c0000000,0x00000000ca6c49d8,0x00000000ca880000)
 Metaspace       used 60802K, committed 61952K, reserved 1114112K
  class space    used 6682K, committed 7168K, reserved 1048576K
}
Event: 22.193 GC heap after
{Heap after GC invocations=107 (full 7):
 PSYoungGen      total 4096K, used 887K [0x00000000eab00000, 0x00000000eb000000, 0x0000000100000000)
  eden space 3072K, 0% used [0x00000000eab00000,0x00000000eab00000,0x00000000eae00000)
  from space 1024K, 86% used [0x00000000eae00000,0x00000000eaedde98,0x00000000eaf00000)
  to   space 1024K, 0% used [0x00000000eaf00000,0x00000000eaf00000,0x00000000eb000000)
 ParOldGen       total 172544K, used 171559K [0x00000000c0000000, 0x00000000ca880000, 0x00000000eab00000)
  object space 172544K, 99% used [0x00000000c0000000,0x00000000ca789df8,0x00000000ca880000)
 Metaspace       used 60802K, committed 61952K, reserved 1114112K
  class space    used 6682K, committed 7168K, reserved 1048576K
}
Event: 22.212 GC heap before
{Heap before GC invocations=108 (full 7):
 PSYoungGen      total 4096K, used 3959K [0x00000000eab00000, 0x00000000eb000000, 0x0000000100000000)
  eden space 3072K, 100% used [0x00000000eab00000,0x00000000eae00000,0x00000000eae00000)
  from space 1024K, 86% used [0x00000000eae00000,0x00000000eaedde98,0x00000000eaf00000)
  to   space 1024K, 0% used [0x00000000eaf00000,0x00000000eaf00000,0x00000000eb000000)
 ParOldGen       total 172544K, used 171559K [0x00000000c0000000, 0x00000000ca880000, 0x00000000eab00000)
  object space 172544K, 99% used [0x00000000c0000000,0x00000000ca789df8,0x00000000ca880000)
 Metaspace       used 60802K, committed 61952K, reserved 1114112K
  class space    used 6682K, committed 7168K, reserved 1048576K
}
Event: 22.213 GC heap after
{Heap after GC invocations=108 (full 7):
 PSYoungGen      total 4096K, used 901K [0x00000000eab00000, 0x00000000eb000000, 0x0000000100000000)
  eden space 3072K, 0% used [0x00000000eab00000,0x00000000eab00000,0x00000000eae00000)
  from space 1024K, 88% used [0x00000000eaf00000,0x00000000eafe15a8,0x00000000eb000000)
  to   space 1024K, 0% used [0x00000000eae00000,0x00000000eae00000,0x00000000eaf00000)
 ParOldGen       total 172544K, used 172328K [0x00000000c0000000, 0x00000000ca880000, 0x00000000eab00000)
  object space 172544K, 99% used [0x00000000c0000000,0x00000000ca84a0e0,0x00000000ca880000)
 Metaspace       used 60802K, committed 61952K, reserved 1114112K
  class space    used 6682K, committed 7168K, reserved 1048576K
}
Event: 22.213 GC heap before
{Heap before GC invocations=109 (full 8):
 PSYoungGen      total 4096K, used 901K [0x00000000eab00000, 0x00000000eb000000, 0x0000000100000000)
  eden space 3072K, 0% used [0x00000000eab00000,0x00000000eab00000,0x00000000eae00000)
  from space 1024K, 88% used [0x00000000eaf00000,0x00000000eafe15a8,0x00000000eb000000)
  to   space 1024K, 0% used [0x00000000eae00000,0x00000000eae00000,0x00000000eaf00000)
 ParOldGen       total 172544K, used 172328K [0x00000000c0000000, 0x00000000ca880000, 0x00000000eab00000)
  object space 172544K, 99% used [0x00000000c0000000,0x00000000ca84a0e0,0x00000000ca880000)
 Metaspace       used 60802K, committed 61952K, reserved 1114112K
  class space    used 6682K, committed 7168K, reserved 1048576K
}

