# JRE version: Java(TM) SE Runtime Environment (20.0.2+9) (build 20.0.2+9-78)
# Java VM: Java HotSpot(TM) 64-Bit Server VM (20.0.2+9-78, mixed mode, sharing, tiered, compressed oops, compressed class ptrs, g1 gc, windows-amd64)
GC Precious Log:
 CardTable entry size: 512
 Card Set container configuration: InlinePtr #cards 5 size 8 Array Of Cards #cards 12 size 40 Howl #buckets 4 coarsen threshold 1843 Howl Bitmap #cards 512 size 80 coarsen threshold 460 Card regions per heap region 1 cards per card region 2048
 CPUs: 12 total, 12 available
 Memory: 16201M
 Large Page Support: Disabled
 NUMA Support: Disabled
 Compressed Oops: Enabled (32-bit)
 Heap Region Size: 1M
 Heap Min Capacity: 8M
 Heap Initial Capacity: 254M
 Heap Max Capacity: 2G
 Pre-touch: Disabled
 Parallel Workers: 10
 Concurrent Workers: 3
 Concurrent Refinement Workers: 10
 Periodic GC: Disabled
Heap:
 garbage-first heap   total 117760K, used 89169K [0x0000000080000000, 0x0000000100000000)
  region size 1024K, 12 young (12288K), 3 survivors (3072K)
 Metaspace       used 74286K, committed 76352K, reserved 487424K
  class space    used 10404K, committed 11456K, reserved 421888K
GC Heap History (20 events):
Event: 13.053 GC heap before
{Heap before GC invocations=9 (full 0):
 garbage-first heap   total 107520K, used 92421K [0x0000000080000000, 0x0000000100000000)
  region size 1024K, 63 young (64512K), 8 survivors (8192K)
 Metaspace       used 47241K, committed 48896K, reserved 487424K
  class space    used 6723K, committed 7552K, reserved 421888K
}
Event: 13.060 GC heap after
{Heap after GC invocations=10 (full 0):
 garbage-first heap   total 107520K, used 39426K [0x0000000080000000, 0x0000000100000000)
  region size 1024K, 4 young (4096K), 4 survivors (4096K)
 Metaspace       used 47241K, committed 48896K, reserved 487424K
  class space    used 6723K, committed 7552K, reserved 421888K
}
Event: 14.120 GC heap before
{Heap before GC invocations=10 (full 0):
 garbage-first heap   total 107520K, used 100866K [0x0000000080000000, 0x0000000100000000)
  region size 1024K, 57 young (58368K), 4 survivors (4096K)
 Metaspace       used 52995K, committed 54784K, reserved 487424K
  class space    used 7480K, committed 8384K, reserved 421888K
}
Event: 14.127 GC heap after
{Heap after GC invocations=11 (full 0):
 garbage-first heap   total 111616K, used 52459K [0x0000000080000000, 0x0000000100000000)
  region size 1024K, 8 young (8192K), 8 survivors (8192K)
 Metaspace       used 52995K, committed 54784K, reserved 487424K
  class space    used 7480K, committed 8384K, reserved 421888K
}
Event: 14.896 GC heap before
{Heap before GC invocations=11 (full 0):
 garbage-first heap   total 111616K, used 100587K [0x0000000080000000, 0x0000000100000000)
  region size 1024K, 51 young (52224K), 8 survivors (8192K)
 Metaspace       used 56972K, committed 58944K, reserved 487424K
  class space    used 8089K, committed 9088K, reserved 421888K
}
Event: 14.902 GC heap after
{Heap after GC invocations=12 (full 0):
 garbage-first heap   total 112640K, used 59442K [0x0000000080000000, 0x0000000100000000)
  region size 1024K, 3 young (3072K), 3 survivors (3072K)
 Metaspace       used 56972K, committed 58944K, reserved 487424K
  class space    used 8089K, committed 9088K, reserved 421888K
}
Event: 15.234 GC heap before
{Heap before GC invocations=12 (full 0):
 garbage-first heap   total 112640K, used 82994K [0x0000000080000000, 0x0000000100000000)
  region size 1024K, 27 young (27648K), 3 survivors (3072K)
 Metaspace       used 59031K, committed 60928K, reserved 487424K
  class space    used 8391K, committed 9344K, reserved 421888K
}
Event: 15.238 GC heap after
{Heap after GC invocations=13 (full 0):
 garbage-first heap   total 112640K, used 60224K [0x0000000080000000, 0x0000000100000000)
  region size 1024K, 4 young (4096K), 4 survivors (4096K)
 Metaspace       used 59031K, committed 60928K, reserved 487424K
  class space    used 8391K, committed 9344K, reserved 421888K
}
Event: 15.880 GC heap before
{Heap before GC invocations=14 (full 0):
 garbage-first heap   total 112640K, used 101184K [0x0000000080000000, 0x0000000100000000)
  region size 1024K, 44 young (45056K), 4 survivors (4096K)
 Metaspace       used 63026K, committed 65024K, reserved 487424K
  class space    used 8916K, committed 9920K, reserved 421888K
}
Event: 15.884 GC heap after
{Heap after GC invocations=15 (full 0):
 garbage-first heap   total 112640K, used 62315K [0x0000000080000000, 0x0000000100000000)
  region size 1024K, 4 young (4096K), 4 survivors (4096K)
 Metaspace       used 63026K, committed 65024K, reserved 487424K
  class space    used 8916K, committed 9920K, reserved 421888K
}
Event: 16.334 GC heap before
{Heap before GC invocations=15 (full 0):
 garbage-first heap   total 112640K, used 101227K [0x0000000080000000, 0x0000000100000000)
  region size 1024K, 42 young (43008K), 4 survivors (4096K)
 Metaspace       used 65758K, committed 67776K, reserved 487424K
  class space    used 9348K, committed 10368K, reserved 421888K
}
Event: 16.338 GC heap after
{Heap after GC invocations=16 (full 0):
 garbage-first heap   total 112640K, used 64462K [0x0000000080000000, 0x0000000100000000)
  region size 1024K, 6 young (6144K), 6 survivors (6144K)
 Metaspace       used 65758K, committed 67776K, reserved 487424K
  class space    used 9348K, committed 10368K, reserved 421888K
}
Event: 17.255 GC heap before
{Heap before GC invocations=16 (full 0):
 garbage-first heap   total 112640K, used 99278K [0x0000000080000000, 0x0000000100000000)
  region size 1024K, 40 young (40960K), 6 survivors (6144K)
 Metaspace       used 68136K, committed 70144K, reserved 487424K
  class space    used 9716K, committed 10688K, reserved 421888K
}
Event: 17.261 GC heap after
{Heap after GC invocations=17 (full 0):
 garbage-first heap   total 112640K, used 67648K [0x0000000080000000, 0x0000000100000000)
  region size 1024K, 5 young (5120K), 5 survivors (5120K)
 Metaspace       used 68136K, committed 70144K, reserved 487424K
  class space    used 9716K, committed 10688K, reserved 421888K
}
Event: 17.681 GC heap before
{Heap before GC invocations=18 (full 0):
 garbage-first heap   total 117760K, used 103488K [0x0000000080000000, 0x0000000100000000)
  region size 1024K, 36 young (36864K), 5 survivors (5120K)
 Metaspace       used 69086K, committed 71104K, reserved 487424K
  class space    used 9862K, committed 10880K, reserved 421888K
}
Event: 17.686 GC heap after
{Heap after GC invocations=19 (full 0):
 garbage-first heap   total 117760K, used 78697K [0x0000000080000000, 0x0000000100000000)
  region size 1024K, 5 young (5120K), 5 survivors (5120K)
 Metaspace       used 69086K, committed 71104K, reserved 487424K
  class space    used 9862K, committed 10880K, reserved 421888K
}
Event: 17.897 GC heap before
{Heap before GC invocations=19 (full 0):
 garbage-first heap   total 117760K, used 104297K [0x0000000080000000, 0x0000000100000000)
  region size 1024K, 31 young (31744K), 5 survivors (5120K)
 Metaspace       used 71051K, committed 73088K, reserved 487424K
  class space    used 10093K, committed 11136K, reserved 421888K
}
Event: 17.900 GC heap after
{Heap after GC invocations=20 (full 0):
 garbage-first heap   total 117760K, used 81196K [0x0000000080000000, 0x0000000100000000)
  region size 1024K, 3 young (3072K), 3 survivors (3072K)
 Metaspace       used 71051K, committed 73088K, reserved 487424K
  class space    used 10093K, committed 11136K, reserved 421888K
}
Event: 18.109 GC heap before
{Heap before GC invocations=20 (full 0):
 garbage-first heap   total 117760K, used 105772K [0x0000000080000000, 0x0000000100000000)
  region size 1024K, 28 young (28672K), 3 survivors (3072K)
 Metaspace       used 73528K, committed 75584K, reserved 487424K
  class space    used 10321K, committed 11328K, reserved 421888K
}
Event: 18.111 GC heap after
{Heap after GC invocations=21 (full 0):
 garbage-first heap   total 117760K, used 80977K [0x0000000080000000, 0x0000000100000000)
  region size 1024K, 3 young (3072K), 3 survivors (3072K)
 Metaspace       used 73528K, committed 75584K, reserved 487424K
  class space    used 10321K, committed 11328K, reserved 421888K
}

